<?xml version="1.0" encoding="UTF-8"?>
<!-- Generated by org.testng.reporters.JUnitXMLReporter -->
<testsuite ignored="0" hostname="DESKTOP-62AN9KN" failures="0" tests="2" name="Equal and NotEqual Assertions" time="0.08" errors="0" timestamp="2022-11-09T15:33:58 IST">
  <testcase classname="com.sgtesting.hardassertion.AssertEqualsDemo" name="assertEqualsDemo" time="0.015"/>
  <testcase classname="com.sgtesting.hardassertion.AssertEqualsDemo" name="assertNotEqualsDemo" time="0.007"/>
</testsuite> <!-- Equal and NotEqual Assertions -->
