<?xml version="1.0" encoding="UTF-8"?>
<!-- Generated by org.testng.reporters.JUnitXMLReporter -->
<testsuite ignored="0" hostname="DESKTOP-62AN9KN" failures="0" tests="2" name="Null and NotNull Assertions" time="0.018" errors="0" timestamp="2022-11-09T15:33:58 IST">
  <testcase classname="com.sgtesting.hardassertion.AssertNullDemo" name="assertNotNullDemo" time="0.003"/>
  <testcase classname="com.sgtesting.hardassertion.AssertNullDemo" name="assertNullDemo" time="0.004"/>
</testsuite> <!-- Null and NotNull Assertions -->
