<?xml version="1.0" encoding="UTF-8"?>
<!-- Generated by org.testng.reporters.JUnitXMLReporter -->
<testsuite ignored="0" hostname="DESKTOP-62AN9KN" failures="0" tests="2" name="Same and NotSame Assertions" time="0.014" errors="0" timestamp="2022-11-09T15:33:58 IST">
  <testcase classname="com.sgtesting.hardassertion.AssertSameDemo" name="assertNotSameDemo" time="0.002"/>
  <testcase classname="com.sgtesting.hardassertion.AssertSameDemo" name="assertSameDemo" time="0.002"/>
</testsuite> <!-- Same and NotSame Assertions -->
