<?xml version="1.0" encoding="UTF-8"?>
<!-- Generated by org.testng.reporters.JUnitXMLReporter -->
<testsuite ignored="0" hostname="DESKTOP-62AN9KN" failures="0" tests="2" name="True and False Assertions" time="0.018" errors="0" timestamp="2022-11-09T15:33:58 IST">
  <testcase classname="com.sgtesting.hardassertion.AssertTrueFalseDemo" name="assertFalseDemo" time="0.003"/>
  <testcase classname="com.sgtesting.hardassertion.AssertTrueFalseDemo" name="assertTrueDemo" time="0.002"/>
</testsuite> <!-- True and False Assertions -->
