<?xml version="1.0" encoding="UTF-8"?>
<!-- Generated by org.testng.reporters.JUnitXMLReporter -->
<testsuite ignored="0" hostname="DESKTOP-62AN9KN" failures="0" tests="3" name="ProductsTestSuiteLevel" time="0.03" errors="0" timestamp="2022-11-08T21:04:17 IST">
  <testcase classname="com.sgtesting.product.Product" name="createProduct" time="0.004"/>
  <testcase classname="com.sgtesting.product.Product" name="deleteProduct" time="0.005"/>
  <testcase classname="com.sgtesting.product.Product" name="modifyproduct" time="0.004"/>
</testsuite> <!-- ProductsTestSuiteLevel -->
