<?xml version="1.0" encoding="UTF-8"?>
<!-- Generated by org.testng.reporters.JUnitXMLReporter -->
<testsuite ignored="0" hostname="DESKTOP-62AN9KN" failures="0" tests="3" name="UserTestSuiteLevel" time="0.081" errors="0" timestamp="2022-11-08T21:04:17 IST">
  <testcase classname="com.sgtesting.Users.Users" name="createUser" time="0.011"/>
  <testcase classname="com.sgtesting.Users.Users" name="deleteUser" time="0.002"/>
  <testcase classname="com.sgtesting.Users.Users" name="modifyUser" time="0.002"/>
</testsuite> <!-- UserTestSuiteLevel -->
