<?xml version="1.0" encoding="UTF-8"?>
<testng-results ignored="0" total="3" passed="3" failed="0" skipped="0">
  <reporter-output>
  </reporter-output>
  <suite started-at="2022-11-09T18:53:58 IST" name="Default suite" finished-at="2022-11-09T18:53:58 IST" duration-ms="87">
    <groups>
    </groups>
    <test started-at="2022-11-09T18:53:58 IST" name="Default test" finished-at="2022-11-09T18:53:58 IST" duration-ms="87">
      <class name="com.sgtesting.DataProvider.DataProviderDemo">
        <test-method signature="displayTestData(java.lang.String,java.lang.String)[pri:0, instance:com.sgtesting.DataProvider.DataProviderDemo@29647f75]" started-at="2022-11-09T18:53:58 IST" name="displayTestData" data-provider="testdata" finished-at="2022-11-09T18:53:58 IST" duration-ms="8" status="PASS">
          <params>
            <param index="0">
              <value>
                <![CDATA[admin1]]>
              </value>
            </param>
            <param index="1">
              <value>
                <![CDATA[manager1]]>
              </value>
            </param>
          </params>
          <reporter-output>
          </reporter-output>
        </test-method> <!-- displayTestData -->
        <test-method signature="displayTestData(java.lang.String,java.lang.String)[pri:0, instance:com.sgtesting.DataProvider.DataProviderDemo@29647f75]" started-at="2022-11-09T18:53:58 IST" name="displayTestData" data-provider="testdata" finished-at="2022-11-09T18:53:58 IST" duration-ms="3" status="PASS">
          <params>
            <param index="0">
              <value>
                <![CDATA[admin2]]>
              </value>
            </param>
            <param index="1">
              <value>
                <![CDATA[manager2]]>
              </value>
            </param>
          </params>
          <reporter-output>
          </reporter-output>
        </test-method> <!-- displayTestData -->
        <test-method signature="displayTestData(java.lang.String,java.lang.String)[pri:0, instance:com.sgtesting.DataProvider.DataProviderDemo@29647f75]" started-at="2022-11-09T18:53:58 IST" name="displayTestData" data-provider="testdata" finished-at="2022-11-09T18:53:58 IST" duration-ms="2" status="PASS">
          <params>
            <param index="0">
              <value>
                <![CDATA[admin3]]>
              </value>
            </param>
            <param index="1">
              <value>
                <![CDATA[manager3]]>
              </value>
            </param>
          </params>
          <reporter-output>
          </reporter-output>
        </test-method> <!-- displayTestData -->
      </class> <!-- com.sgtesting.DataProvider.DataProviderDemo -->
    </test> <!-- Default test -->
  </suite> <!-- Default suite -->
</testng-results>
