<?xml version="1.0" encoding="UTF-8"?>
<testng-results ignored="0" total="3" passed="3" failed="0" skipped="0">
  <reporter-output>
  </reporter-output>
  <suite started-at="2022-11-08T22:03:04 IST" name="TestNG Cases for Parameter" finished-at="2022-11-08T22:03:04 IST" duration-ms="68">
    <groups>
    </groups>
    <test started-at="2022-11-08T22:03:04 IST" name="User1" finished-at="2022-11-08T22:03:04 IST" duration-ms="68">
      <class name="com.sgtesting.ParameteredUser.Userdemo">
        <test-method is-config="true" signature="setUp()[pri:0, instance:com.sgtesting.ParameteredUser.Userdemo@67080771]" started-at="2022-11-08T22:03:04 IST" name="setUp" finished-at="2022-11-08T22:03:04 IST" duration-ms="8" status="PASS">
          <reporter-output>
          </reporter-output>
        </test-method> <!-- setUp -->
        <test-method signature="createUser(java.lang.String)[pri:0, instance:com.sgtesting.ParameteredUser.Userdemo@67080771]" started-at="2022-11-08T22:03:04 IST" name="createUser" finished-at="2022-11-08T22:03:04 IST" duration-ms="7" status="PASS">
          <params>
            <param index="0">
              <value>
                <![CDATA[WelcomeUser1]]>
              </value>
            </param>
          </params>
          <reporter-output>
          </reporter-output>
        </test-method> <!-- createUser -->
        <test-method signature="deleteUser()[pri:0, instance:com.sgtesting.ParameteredUser.Userdemo@67080771]" started-at="2022-11-08T22:03:04 IST" name="deleteUser" finished-at="2022-11-08T22:03:04 IST" duration-ms="3" status="PASS">
          <reporter-output>
          </reporter-output>
        </test-method> <!-- deleteUser -->
        <test-method signature="modifyUser()[pri:0, instance:com.sgtesting.ParameteredUser.Userdemo@67080771]" started-at="2022-11-08T22:03:04 IST" name="modifyUser" finished-at="2022-11-08T22:03:04 IST" duration-ms="2" status="PASS">
          <reporter-output>
          </reporter-output>
        </test-method> <!-- modifyUser -->
        <test-method is-config="true" signature="tearDown()[pri:0, instance:com.sgtesting.ParameteredUser.Userdemo@67080771]" started-at="2022-11-08T22:03:04 IST" name="tearDown" finished-at="2022-11-08T22:03:04 IST" duration-ms="1" status="PASS">
          <reporter-output>
          </reporter-output>
        </test-method> <!-- tearDown -->
      </class> <!-- com.sgtesting.ParameteredUser.Userdemo -->
    </test> <!-- User1 -->
  </suite> <!-- TestNG Cases for Parameter -->
</testng-results>
