<?xml version="1.0" encoding="UTF-8"?>
<!-- Generated by org.testng.reporters.JUnitXMLReporter -->
<testsuite ignored="0" hostname="DESKTOP-62AN9KN" failures="0" tests="2" name="Same or NotSame Assertions" time="0.018" errors="0" timestamp="2022-11-09T15:58:34 IST">
  <testcase classname="com.sgtesting.SoftAssertions.AssertSameDemo" name="assertNotSameDemo" time="0.003"/>
  <testcase classname="com.sgtesting.SoftAssertions.AssertSameDemo" name="assertSameDemo" time="0.003"/>
</testsuite> <!-- Same or NotSame Assertions -->
