<?xml version="1.0" encoding="UTF-8"?>
<!-- Generated by org.testng.reporters.JUnitXMLReporter -->
<testsuite ignored="0" hostname="DESKTOP-62AN9KN" failures="0" tests="3" name="Default test" time="0.087" errors="0" timestamp="2022-11-09T18:53:59 IST">
  <testcase classname="com.sgtesting.DataProvider.DataProviderDemo" name="displayTestData" time="0.008"/>
  <testcase classname="com.sgtesting.DataProvider.DataProviderDemo" name="displayTestData" time="0.003"/>
  <testcase classname="com.sgtesting.DataProvider.DataProviderDemo" name="displayTestData" time="0.002"/>
</testsuite> <!-- Default test -->
