<?xml version="1.0" encoding="UTF-8"?>
<testng-results ignored="0" total="109" passed="109" failed="0" skipped="0">
  <reporter-output>
  </reporter-output>
  <suite started-at="2022-11-10T20:50:59 IST" name="TestCases" finished-at="2022-11-10T20:58:30 IST" duration-ms="451133">
    <groups>
    </groups>
    <test started-at="2022-11-10T20:50:59 IST" name="Createuser" finished-at="2022-11-10T20:51:38 IST" duration-ms="39590">
      <class name="com.sgtesting.WebAssignments.FirstCreateuser">
        <test-method signature="launchBrowser()[pri:1, instance:com.sgtesting.WebAssignments.FirstCreateuser@505fc5a4]" started-at="2022-11-10T20:50:59 IST" name="launchBrowser" finished-at="2022-11-10T20:51:03 IST" duration-ms="3928" status="PASS">
          <reporter-output>
          </reporter-output>
        </test-method> <!-- launchBrowser -->
        <test-method signature="navigate()[pri:2, instance:com.sgtesting.WebAssignments.FirstCreateuser@505fc5a4]" started-at="2022-11-10T20:51:03 IST" name="navigate" finished-at="2022-11-10T20:51:09 IST" duration-ms="6139" status="PASS">
          <reporter-output>
          </reporter-output>
        </test-method> <!-- navigate -->
        <test-method signature="login(java.lang.String,java.lang.String)[pri:3, instance:com.sgtesting.WebAssignments.FirstCreateuser@505fc5a4]" started-at="2022-11-10T20:51:09 IST" name="login" data-provider="login" finished-at="2022-11-10T20:51:14 IST" duration-ms="5347" status="PASS">
          <params>
            <param index="0">
              <value>
                <![CDATA[admin]]>
              </value>
            </param>
            <param index="1">
              <value>
                <![CDATA[manager]]>
              </value>
            </param>
          </params>
          <reporter-output>
          </reporter-output>
        </test-method> <!-- login -->
        <test-method signature="minimizeFlyOutwindow()[pri:4, instance:com.sgtesting.WebAssignments.FirstCreateuser@505fc5a4]" started-at="2022-11-10T20:51:14 IST" name="minimizeFlyOutwindow" finished-at="2022-11-10T20:51:16 IST" duration-ms="2137" status="PASS">
          <reporter-output>
          </reporter-output>
        </test-method> <!-- minimizeFlyOutwindow -->
        <test-method signature="User(java.lang.String,java.lang.String,java.lang.String,java.lang.String,java.lang.String,java.lang.String,java.lang.String)[pri:5, instance:com.sgtesting.WebAssignments.FirstCreateuser@505fc5a4]" started-at="2022-11-10T20:51:16 IST" name="User" data-provider="user" finished-at="2022-11-10T20:51:29 IST" duration-ms="13097" status="PASS">
          <params>
            <param index="0">
              <value>
                <![CDATA[demo]]>
              </value>
            </param>
            <param index="1">
              <value>
                <![CDATA[v]]>
              </value>
            </param>
            <param index="2">
              <value>
                <![CDATA[acc]]>
              </value>
            </param>
            <param index="3">
              <value>
                <![CDATA[demo@gmail.com]]>
              </value>
            </param>
            <param index="4">
              <value>
                <![CDATA[Demouser1]]>
              </value>
            </param>
            <param index="5">
              <value>
                <![CDATA[12345a]]>
              </value>
            </param>
            <param index="6">
              <value>
                <![CDATA[12345a]]>
              </value>
            </param>
          </params>
          <reporter-output>
          </reporter-output>
        </test-method> <!-- User -->
        <test-method signature="Deleteuser()[pri:6, instance:com.sgtesting.WebAssignments.FirstCreateuser@505fc5a4]" started-at="2022-11-10T20:51:29 IST" name="Deleteuser" finished-at="2022-11-10T20:51:38 IST" duration-ms="8290" status="PASS">
          <reporter-output>
          </reporter-output>
        </test-method> <!-- Deleteuser -->
        <test-method signature="closeApp()[pri:6, instance:com.sgtesting.WebAssignments.FirstCreateuser@505fc5a4]" started-at="2022-11-10T20:51:38 IST" name="closeApp" finished-at="2022-11-10T20:51:38 IST" duration-ms="522" status="PASS">
          <reporter-output>
          </reporter-output>
        </test-method> <!-- closeApp -->
        <test-method signature="logout()[pri:7, instance:com.sgtesting.WebAssignments.FirstCreateuser@505fc5a4]" started-at="2022-11-10T20:51:38 IST" name="logout" finished-at="2022-11-10T20:51:38 IST" duration-ms="29" status="PASS">
          <reporter-output>
          </reporter-output>
        </test-method> <!-- logout -->
      </class> <!-- com.sgtesting.WebAssignments.FirstCreateuser -->
    </test> <!-- Createuser -->
    <test started-at="2022-11-10T20:51:38 IST" name="User Modification" finished-at="2022-11-10T20:52:29 IST" duration-ms="50856">
      <class name="com.sgtesting.WebAssignments.SecondUserCreation">
        <test-method signature="LaunchBrowser()[pri:1, instance:com.sgtesting.WebAssignments.SecondUserCreation@4c1909a3]" started-at="2022-11-10T20:51:38 IST" name="LaunchBrowser" finished-at="2022-11-10T20:51:40 IST" duration-ms="1248" status="PASS">
          <reporter-output>
          </reporter-output>
        </test-method> <!-- LaunchBrowser -->
        <test-method signature="Navigate()[pri:2, instance:com.sgtesting.WebAssignments.SecondUserCreation@4c1909a3]" started-at="2022-11-10T20:51:40 IST" name="Navigate" finished-at="2022-11-10T20:51:42 IST" duration-ms="2123" status="PASS">
          <reporter-output>
          </reporter-output>
        </test-method> <!-- Navigate -->
        <test-method signature="Login(java.lang.String,java.lang.String)[pri:3, instance:com.sgtesting.WebAssignments.SecondUserCreation@4c1909a3]" started-at="2022-11-10T20:51:42 IST" name="Login" data-provider="login" finished-at="2022-11-10T20:51:44 IST" duration-ms="2322" status="PASS">
          <params>
            <param index="0">
              <value>
                <![CDATA[admin]]>
              </value>
            </param>
            <param index="1">
              <value>
                <![CDATA[manager]]>
              </value>
            </param>
          </params>
          <reporter-output>
          </reporter-output>
        </test-method> <!-- Login -->
        <test-method signature="minimizeFlyOutwindow()[pri:4, instance:com.sgtesting.WebAssignments.SecondUserCreation@4c1909a3]" started-at="2022-11-10T20:51:44 IST" name="minimizeFlyOutwindow" finished-at="2022-11-10T20:51:46 IST" duration-ms="2113" status="PASS">
          <reporter-output>
          </reporter-output>
        </test-method> <!-- minimizeFlyOutwindow -->
        <test-method signature="User(java.lang.String,java.lang.String,java.lang.String,java.lang.String,java.lang.String,java.lang.String,java.lang.String)[pri:5, instance:com.sgtesting.WebAssignments.SecondUserCreation@4c1909a3]" started-at="2022-11-10T20:51:46 IST" name="User" data-provider="user" finished-at="2022-11-10T20:51:56 IST" duration-ms="10114" status="PASS">
          <params>
            <param index="0">
              <value>
                <![CDATA[demo]]>
              </value>
            </param>
            <param index="1">
              <value>
                <![CDATA[v]]>
              </value>
            </param>
            <param index="2">
              <value>
                <![CDATA[vin]]>
              </value>
            </param>
            <param index="3">
              <value>
                <![CDATA[demo@gmail.com]]>
              </value>
            </param>
            <param index="4">
              <value>
                <![CDATA[Demouser1]]>
              </value>
            </param>
            <param index="5">
              <value>
                <![CDATA[12345a]]>
              </value>
            </param>
            <param index="6">
              <value>
                <![CDATA[12345a]]>
              </value>
            </param>
          </params>
          <reporter-output>
          </reporter-output>
        </test-method> <!-- User -->
        <test-method signature="Modify(java.lang.String,java.lang.String,java.lang.String,java.lang.String,java.lang.String)[pri:6, instance:com.sgtesting.WebAssignments.SecondUserCreation@4c1909a3]" started-at="2022-11-10T20:51:56 IST" name="Modify" data-provider="Modify" finished-at="2022-11-10T20:52:15 IST" duration-ms="19003" status="PASS">
          <params>
            <param index="0">
              <value>
                <![CDATA[vinayak]]>
              </value>
            </param>
            <param index="1">
              <value>
                <![CDATA[n]]>
              </value>
            </param>
            <param index="2">
              <value>
                <![CDATA[niki]]>
              </value>
            </param>
            <param index="3">
              <value>
                <![CDATA[vini]]>
              </value>
            </param>
            <param index="4">
              <value>
                <![CDATA[vini]]>
              </value>
            </param>
          </params>
          <reporter-output>
          </reporter-output>
        </test-method> <!-- Modify -->
        <test-method signature="Deleteuser()[pri:7, instance:com.sgtesting.WebAssignments.SecondUserCreation@4c1909a3]" started-at="2022-11-10T20:52:15 IST" name="Deleteuser" finished-at="2022-11-10T20:52:24 IST" duration-ms="8300" status="PASS">
          <reporter-output>
          </reporter-output>
        </test-method> <!-- Deleteuser -->
        <test-method signature="Logout()[pri:8, instance:com.sgtesting.WebAssignments.SecondUserCreation@4c1909a3]" started-at="2022-11-10T20:52:24 IST" name="Logout" finished-at="2022-11-10T20:52:26 IST" duration-ms="2358" status="PASS">
          <reporter-output>
          </reporter-output>
        </test-method> <!-- Logout -->
        <test-method signature="CloseBrowser()[pri:9, instance:com.sgtesting.WebAssignments.SecondUserCreation@4c1909a3]" started-at="2022-11-10T20:52:26 IST" name="CloseBrowser" finished-at="2022-11-10T20:52:29 IST" duration-ms="3246" status="PASS">
          <reporter-output>
          </reporter-output>
        </test-method> <!-- CloseBrowser -->
      </class> <!-- com.sgtesting.WebAssignments.SecondUserCreation -->
    </test> <!-- User Modification -->
    <test started-at="2022-11-10T20:52:29 IST" name="Three User Creation and Modification" finished-at="2022-11-10T20:54:51 IST" duration-ms="141996">
      <class name="com.sgtesting.WebAssignments.ThirdUser1User2User3">
        <test-method signature="LaunchBrowser()[pri:1, instance:com.sgtesting.WebAssignments.ThirdUser1User2User3@791f145a]" started-at="2022-11-10T20:52:29 IST" name="LaunchBrowser" finished-at="2022-11-10T20:52:31 IST" duration-ms="1356" status="PASS">
          <reporter-output>
          </reporter-output>
        </test-method> <!-- LaunchBrowser -->
        <test-method signature="Navigate()[pri:2, instance:com.sgtesting.WebAssignments.ThirdUser1User2User3@791f145a]" started-at="2022-11-10T20:52:31 IST" name="Navigate" finished-at="2022-11-10T20:52:33 IST" duration-ms="2190" status="PASS">
          <reporter-output>
          </reporter-output>
        </test-method> <!-- Navigate -->
        <test-method signature="Login(java.lang.String,java.lang.String)[pri:3, instance:com.sgtesting.WebAssignments.ThirdUser1User2User3@791f145a]" started-at="2022-11-10T20:52:33 IST" name="Login" data-provider="login" finished-at="2022-11-10T20:52:35 IST" duration-ms="2329" status="PASS">
          <params>
            <param index="0">
              <value>
                <![CDATA[admin]]>
              </value>
            </param>
            <param index="1">
              <value>
                <![CDATA[manager]]>
              </value>
            </param>
          </params>
          <reporter-output>
          </reporter-output>
        </test-method> <!-- Login -->
        <test-method signature="minimizeFlyOutwindow()[pri:4, instance:com.sgtesting.WebAssignments.ThirdUser1User2User3@791f145a]" started-at="2022-11-10T20:52:35 IST" name="minimizeFlyOutwindow" finished-at="2022-11-10T20:52:37 IST" duration-ms="2116" status="PASS">
          <reporter-output>
          </reporter-output>
        </test-method> <!-- minimizeFlyOutwindow -->
        <test-method signature="User1(java.lang.String,java.lang.String,java.lang.String,java.lang.String,java.lang.String,java.lang.String,java.lang.String)[pri:5, instance:com.sgtesting.WebAssignments.ThirdUser1User2User3@791f145a]" started-at="2022-11-10T20:52:37 IST" name="User1" data-provider="user1" finished-at="2022-11-10T20:52:47 IST" duration-ms="10019" status="PASS">
          <params>
            <param index="0">
              <value>
                <![CDATA[demo]]>
              </value>
            </param>
            <param index="1">
              <value>
                <![CDATA[v]]>
              </value>
            </param>
            <param index="2">
              <value>
                <![CDATA[vin]]>
              </value>
            </param>
            <param index="3">
              <value>
                <![CDATA[demo@gmail.com]]>
              </value>
            </param>
            <param index="4">
              <value>
                <![CDATA[Demouser1]]>
              </value>
            </param>
            <param index="5">
              <value>
                <![CDATA[12345a]]>
              </value>
            </param>
            <param index="6">
              <value>
                <![CDATA[12345a]]>
              </value>
            </param>
          </params>
          <reporter-output>
          </reporter-output>
        </test-method> <!-- User1 -->
        <test-method signature="User2(java.lang.String,java.lang.String,java.lang.String,java.lang.String,java.lang.String,java.lang.String,java.lang.String)[pri:6, instance:com.sgtesting.WebAssignments.ThirdUser1User2User3@791f145a]" started-at="2022-11-10T20:52:47 IST" name="User2" data-provider="user2" finished-at="2022-11-10T20:52:53 IST" duration-ms="6094" status="PASS">
          <params>
            <param index="0">
              <value>
                <![CDATA[demo]]>
              </value>
            </param>
            <param index="1">
              <value>
                <![CDATA[s]]>
              </value>
            </param>
            <param index="2">
              <value>
                <![CDATA[sam]]>
              </value>
            </param>
            <param index="3">
              <value>
                <![CDATA[sam@gmail.com]]>
              </value>
            </param>
            <param index="4">
              <value>
                <![CDATA[Demouser2]]>
              </value>
            </param>
            <param index="5">
              <value>
                <![CDATA[123321]]>
              </value>
            </param>
            <param index="6">
              <value>
                <![CDATA[123321]]>
              </value>
            </param>
          </params>
          <reporter-output>
          </reporter-output>
        </test-method> <!-- User2 -->
        <test-method signature="User3(java.lang.String,java.lang.String,java.lang.String,java.lang.String,java.lang.String,java.lang.String,java.lang.String)[pri:7, instance:com.sgtesting.WebAssignments.ThirdUser1User2User3@791f145a]" started-at="2022-11-10T20:52:53 IST" name="User3" data-provider="user3" finished-at="2022-11-10T20:52:59 IST" duration-ms="6098" status="PASS">
          <params>
            <param index="0">
              <value>
                <![CDATA[demo]]>
              </value>
            </param>
            <param index="1">
              <value>
                <![CDATA[s]]>
              </value>
            </param>
            <param index="2">
              <value>
                <![CDATA[niki]]>
              </value>
            </param>
            <param index="3">
              <value>
                <![CDATA[niki@gmail.com]]>
              </value>
            </param>
            <param index="4">
              <value>
                <![CDATA[Demouser3]]>
              </value>
            </param>
            <param index="5">
              <value>
                <![CDATA[121212]]>
              </value>
            </param>
            <param index="6">
              <value>
                <![CDATA[121212]]>
              </value>
            </param>
          </params>
          <reporter-output>
          </reporter-output>
        </test-method> <!-- User3 -->
        <test-method signature="Logout()[pri:8, instance:com.sgtesting.WebAssignments.ThirdUser1User2User3@791f145a]" started-at="2022-11-10T20:52:59 IST" name="Logout" finished-at="2022-11-10T20:53:02 IST" duration-ms="2361" status="PASS">
          <reporter-output>
          </reporter-output>
        </test-method> <!-- Logout -->
        <test-method signature="LoginUser1(java.lang.String,java.lang.String)[pri:9, instance:com.sgtesting.WebAssignments.ThirdUser1User2User3@791f145a]" started-at="2022-11-10T20:53:02 IST" name="LoginUser1" data-provider="user1login" finished-at="2022-11-10T20:53:06 IST" duration-ms="4385" status="PASS">
          <params>
            <param index="0">
              <value>
                <![CDATA[Demouser1]]>
              </value>
            </param>
            <param index="1">
              <value>
                <![CDATA[12345a]]>
              </value>
            </param>
          </params>
          <reporter-output>
          </reporter-output>
        </test-method> <!-- LoginUser1 -->
        <test-method signature="Logoutuser1()[pri:10, instance:com.sgtesting.WebAssignments.ThirdUser1User2User3@791f145a]" started-at="2022-11-10T20:53:06 IST" name="Logoutuser1" finished-at="2022-11-10T20:53:08 IST" duration-ms="2228" status="PASS">
          <reporter-output>
          </reporter-output>
        </test-method> <!-- Logoutuser1 -->
        <test-method signature="LoginUser2(java.lang.String,java.lang.String)[pri:11, instance:com.sgtesting.WebAssignments.ThirdUser1User2User3@791f145a]" started-at="2022-11-10T20:53:08 IST" name="LoginUser2" data-provider="user2login" finished-at="2022-11-10T20:53:11 IST" duration-ms="2220" status="PASS">
          <params>
            <param index="0">
              <value>
                <![CDATA[Demouser2]]>
              </value>
            </param>
            <param index="1">
              <value>
                <![CDATA[123321]]>
              </value>
            </param>
          </params>
          <reporter-output>
          </reporter-output>
        </test-method> <!-- LoginUser2 -->
        <test-method signature="Logoutuser2()[pri:12, instance:com.sgtesting.WebAssignments.ThirdUser1User2User3@791f145a]" started-at="2022-11-10T20:53:11 IST" name="Logoutuser2" finished-at="2022-11-10T20:53:13 IST" duration-ms="2237" status="PASS">
          <reporter-output>
          </reporter-output>
        </test-method> <!-- Logoutuser2 -->
        <test-method signature="LoginUser3(java.lang.String,java.lang.String)[pri:13, instance:com.sgtesting.WebAssignments.ThirdUser1User2User3@791f145a]" started-at="2022-11-10T20:53:13 IST" name="LoginUser3" data-provider="user3login" finished-at="2022-11-10T20:53:15 IST" duration-ms="2183" status="PASS">
          <params>
            <param index="0">
              <value>
                <![CDATA[Demouser3]]>
              </value>
            </param>
            <param index="1">
              <value>
                <![CDATA[121212]]>
              </value>
            </param>
          </params>
          <reporter-output>
          </reporter-output>
        </test-method> <!-- LoginUser3 -->
        <test-method signature="Logoutuser3()[pri:14, instance:com.sgtesting.WebAssignments.ThirdUser1User2User3@791f145a]" started-at="2022-11-10T20:53:15 IST" name="Logoutuser3" finished-at="2022-11-10T20:53:17 IST" duration-ms="2198" status="PASS">
          <reporter-output>
          </reporter-output>
        </test-method> <!-- Logoutuser3 -->
        <test-method signature="SecontimeLoginUser1(java.lang.String,java.lang.String)[pri:15, instance:com.sgtesting.WebAssignments.ThirdUser1User2User3@791f145a]" started-at="2022-11-10T20:53:17 IST" name="SecontimeLoginUser1" data-provider="user1login" finished-at="2022-11-10T20:53:19 IST" duration-ms="1303" status="PASS">
          <params>
            <param index="0">
              <value>
                <![CDATA[Demouser1]]>
              </value>
            </param>
            <param index="1">
              <value>
                <![CDATA[12345a]]>
              </value>
            </param>
          </params>
          <reporter-output>
          </reporter-output>
        </test-method> <!-- SecontimeLoginUser1 -->
        <test-method signature="Modifyuser1(java.lang.String,java.lang.String)[pri:16, instance:com.sgtesting.WebAssignments.ThirdUser1User2User3@791f145a]" started-at="2022-11-10T20:53:19 IST" name="Modifyuser1" data-provider="Moduser1" finished-at="2022-11-10T20:53:26 IST" duration-ms="7129" status="PASS">
          <params>
            <param index="0">
              <value>
                <![CDATA[vini]]>
              </value>
            </param>
            <param index="1">
              <value>
                <![CDATA[vini]]>
              </value>
            </param>
          </params>
          <reporter-output>
          </reporter-output>
        </test-method> <!-- Modifyuser1 -->
        <test-method signature="SecondtimeLogoutuser1()[pri:17, instance:com.sgtesting.WebAssignments.ThirdUser1User2User3@791f145a]" started-at="2022-11-10T20:53:26 IST" name="SecondtimeLogoutuser1" finished-at="2022-11-10T20:53:27 IST" duration-ms="1702" status="PASS">
          <reporter-output>
          </reporter-output>
        </test-method> <!-- SecondtimeLogoutuser1 -->
        <test-method signature="SecondtimeLoginUser2(java.lang.String,java.lang.String)[pri:18, instance:com.sgtesting.WebAssignments.ThirdUser1User2User3@791f145a]" started-at="2022-11-10T20:53:27 IST" name="SecondtimeLoginUser2" data-provider="user2login" finished-at="2022-11-10T20:53:29 IST" duration-ms="1307" status="PASS">
          <params>
            <param index="0">
              <value>
                <![CDATA[Demouser2]]>
              </value>
            </param>
            <param index="1">
              <value>
                <![CDATA[123321]]>
              </value>
            </param>
          </params>
          <reporter-output>
          </reporter-output>
        </test-method> <!-- SecondtimeLoginUser2 -->
        <test-method signature="Modifyuser2(java.lang.String,java.lang.String)[pri:19, instance:com.sgtesting.WebAssignments.ThirdUser1User2User3@791f145a]" started-at="2022-11-10T20:53:29 IST" name="Modifyuser2" data-provider="Moduser2" finished-at="2022-11-10T20:53:36 IST" duration-ms="7050" status="PASS">
          <params>
            <param index="0">
              <value>
                <![CDATA[sam]]>
              </value>
            </param>
            <param index="1">
              <value>
                <![CDATA[sam]]>
              </value>
            </param>
          </params>
          <reporter-output>
          </reporter-output>
        </test-method> <!-- Modifyuser2 -->
        <test-method signature="SecondtimeLogoutuser2()[pri:20, instance:com.sgtesting.WebAssignments.ThirdUser1User2User3@791f145a]" started-at="2022-11-10T20:53:36 IST" name="SecondtimeLogoutuser2" finished-at="2022-11-10T20:53:38 IST" duration-ms="2624" status="PASS">
          <reporter-output>
          </reporter-output>
        </test-method> <!-- SecondtimeLogoutuser2 -->
        <test-method signature="SecondtimeLoginUser3(java.lang.String,java.lang.String)[pri:21, instance:com.sgtesting.WebAssignments.ThirdUser1User2User3@791f145a]" started-at="2022-11-10T20:53:38 IST" name="SecondtimeLoginUser3" data-provider="user3login" finished-at="2022-11-10T20:53:40 IST" duration-ms="1308" status="PASS">
          <params>
            <param index="0">
              <value>
                <![CDATA[Demouser3]]>
              </value>
            </param>
            <param index="1">
              <value>
                <![CDATA[121212]]>
              </value>
            </param>
          </params>
          <reporter-output>
          </reporter-output>
        </test-method> <!-- SecondtimeLoginUser3 -->
        <test-method signature="Modifyuser3(java.lang.String,java.lang.String)[pri:22, instance:com.sgtesting.WebAssignments.ThirdUser1User2User3@791f145a]" started-at="2022-11-10T20:53:40 IST" name="Modifyuser3" data-provider="Moduser3" finished-at="2022-11-10T20:53:47 IST" duration-ms="7000" status="PASS">
          <params>
            <param index="0">
              <value>
                <![CDATA[niki]]>
              </value>
            </param>
            <param index="1">
              <value>
                <![CDATA[niki]]>
              </value>
            </param>
          </params>
          <reporter-output>
          </reporter-output>
        </test-method> <!-- Modifyuser3 -->
        <test-method signature="SecondtimeLogoutuser3()[pri:23, instance:com.sgtesting.WebAssignments.ThirdUser1User2User3@791f145a]" started-at="2022-11-10T20:53:47 IST" name="SecondtimeLogoutuser3" finished-at="2022-11-10T20:53:49 IST" duration-ms="2597" status="PASS">
          <reporter-output>
          </reporter-output>
        </test-method> <!-- SecondtimeLogoutuser3 -->
        <test-method signature="ModifiedLoginUser1(java.lang.String,java.lang.String)[pri:24, instance:com.sgtesting.WebAssignments.ThirdUser1User2User3@791f145a]" started-at="2022-11-10T20:53:49 IST" name="ModifiedLoginUser1" data-provider="2ndModuser1" finished-at="2022-11-10T20:53:51 IST" duration-ms="1251" status="PASS">
          <params>
            <param index="0">
              <value>
                <![CDATA[Demouser1]]>
              </value>
            </param>
            <param index="1">
              <value>
                <![CDATA[vini]]>
              </value>
            </param>
          </params>
          <reporter-output>
          </reporter-output>
        </test-method> <!-- ModifiedLoginUser1 -->
        <test-method signature="LogoutModifieduser1()[pri:25, instance:com.sgtesting.WebAssignments.ThirdUser1User2User3@791f145a]" started-at="2022-11-10T20:53:51 IST" name="LogoutModifieduser1" finished-at="2022-11-10T20:53:52 IST" duration-ms="1289" status="PASS">
          <reporter-output>
          </reporter-output>
        </test-method> <!-- LogoutModifieduser1 -->
        <test-method signature="ModifiedLoginUser2(java.lang.String,java.lang.String)[pri:26, instance:com.sgtesting.WebAssignments.ThirdUser1User2User3@791f145a]" started-at="2022-11-10T20:53:52 IST" name="ModifiedLoginUser2" data-provider="2ndModuser2" finished-at="2022-11-10T20:53:53 IST" duration-ms="1315" status="PASS">
          <params>
            <param index="0">
              <value>
                <![CDATA[Demouser2]]>
              </value>
            </param>
            <param index="1">
              <value>
                <![CDATA[sam]]>
              </value>
            </param>
          </params>
          <reporter-output>
          </reporter-output>
        </test-method> <!-- ModifiedLoginUser2 -->
        <test-method signature="LogoutModifieduser2()[pri:27, instance:com.sgtesting.WebAssignments.ThirdUser1User2User3@791f145a]" started-at="2022-11-10T20:53:53 IST" name="LogoutModifieduser2" finished-at="2022-11-10T20:53:55 IST" duration-ms="1298" status="PASS">
          <reporter-output>
          </reporter-output>
        </test-method> <!-- LogoutModifieduser2 -->
        <test-method signature="ModifiedLoginUser3(java.lang.String,java.lang.String)[pri:28, instance:com.sgtesting.WebAssignments.ThirdUser1User2User3@791f145a]" started-at="2022-11-10T20:53:55 IST" name="ModifiedLoginUser3" data-provider="2ndModuser3" finished-at="2022-11-10T20:53:56 IST" duration-ms="1273" status="PASS">
          <params>
            <param index="0">
              <value>
                <![CDATA[Demouser3]]>
              </value>
            </param>
            <param index="1">
              <value>
                <![CDATA[niki]]>
              </value>
            </param>
          </params>
          <reporter-output>
          </reporter-output>
        </test-method> <!-- ModifiedLoginUser3 -->
        <test-method signature="LogoutModifieduser3()[pri:29, instance:com.sgtesting.WebAssignments.ThirdUser1User2User3@791f145a]" started-at="2022-11-10T20:53:56 IST" name="LogoutModifieduser3" finished-at="2022-11-10T20:53:57 IST" duration-ms="1302" status="PASS">
          <reporter-output>
          </reporter-output>
        </test-method> <!-- LogoutModifieduser3 -->
        <test-method signature="SecondtimeadminLogin(java.lang.String,java.lang.String)[pri:30, instance:com.sgtesting.WebAssignments.ThirdUser1User2User3@791f145a]" started-at="2022-11-10T20:53:57 IST" name="SecondtimeadminLogin" data-provider="login" finished-at="2022-11-10T20:53:58 IST" duration-ms="1289" status="PASS">
          <params>
            <param index="0">
              <value>
                <![CDATA[admin]]>
              </value>
            </param>
            <param index="1">
              <value>
                <![CDATA[manager]]>
              </value>
            </param>
          </params>
          <reporter-output>
          </reporter-output>
        </test-method> <!-- SecondtimeadminLogin -->
        <test-method signature="AdminModifyuser1(java.lang.String,java.lang.String,java.lang.String)[pri:31, instance:com.sgtesting.WebAssignments.ThirdUser1User2User3@791f145a]" started-at="2022-11-10T20:53:58 IST" name="AdminModifyuser1" data-provider="AdminModiusers" finished-at="2022-11-10T20:54:19 IST" duration-ms="20090" status="PASS">
          <params>
            <param index="0">
              <value>
                <![CDATA[vinayak]]>
              </value>
            </param>
            <param index="1">
              <value>
                <![CDATA[sami]]>
              </value>
            </param>
            <param index="2">
              <value>
                <![CDATA[nikki]]>
              </value>
            </param>
          </params>
          <reporter-output>
          </reporter-output>
        </test-method> <!-- AdminModifyuser1 -->
        <test-method signature="SecondtimeAdminlogout()[pri:32, instance:com.sgtesting.WebAssignments.ThirdUser1User2User3@791f145a]" started-at="2022-11-10T20:54:19 IST" name="SecondtimeAdminlogout" finished-at="2022-11-10T20:54:21 IST" duration-ms="2343" status="PASS">
          <reporter-output>
          </reporter-output>
        </test-method> <!-- SecondtimeAdminlogout -->
        <test-method signature="ThirdtimeLoginUser1(java.lang.String,java.lang.String)[pri:33, instance:com.sgtesting.WebAssignments.ThirdUser1User2User3@791f145a]" started-at="2022-11-10T20:54:21 IST" name="ThirdtimeLoginUser1" data-provider="3rdModuser1" finished-at="2022-11-10T20:54:22 IST" duration-ms="1289" status="PASS">
          <params>
            <param index="0">
              <value>
                <![CDATA[Demouser1]]>
              </value>
            </param>
            <param index="1">
              <value>
                <![CDATA[vinayak]]>
              </value>
            </param>
          </params>
          <reporter-output>
          </reporter-output>
        </test-method> <!-- ThirdtimeLoginUser1 -->
        <test-method signature="Thirdtimeuser1logout()[pri:34, instance:com.sgtesting.WebAssignments.ThirdUser1User2User3@791f145a]" started-at="2022-11-10T20:54:22 IST" name="Thirdtimeuser1logout" finished-at="2022-11-10T20:54:25 IST" duration-ms="2361" status="PASS">
          <reporter-output>
          </reporter-output>
        </test-method> <!-- Thirdtimeuser1logout -->
        <test-method signature="ThirdtimeLoginUser2(java.lang.String,java.lang.String)[pri:35, instance:com.sgtesting.WebAssignments.ThirdUser1User2User3@791f145a]" started-at="2022-11-10T20:54:25 IST" name="ThirdtimeLoginUser2" data-provider="3rdModuser2" finished-at="2022-11-10T20:54:26 IST" duration-ms="1295" status="PASS">
          <params>
            <param index="0">
              <value>
                <![CDATA[Demouser2]]>
              </value>
            </param>
            <param index="1">
              <value>
                <![CDATA[sami]]>
              </value>
            </param>
          </params>
          <reporter-output>
          </reporter-output>
        </test-method> <!-- ThirdtimeLoginUser2 -->
        <test-method signature="Thirdtimeuser2logout()[pri:36, instance:com.sgtesting.WebAssignments.ThirdUser1User2User3@791f145a]" started-at="2022-11-10T20:54:26 IST" name="Thirdtimeuser2logout" finished-at="2022-11-10T20:54:28 IST" duration-ms="2680" status="PASS">
          <reporter-output>
          </reporter-output>
        </test-method> <!-- Thirdtimeuser2logout -->
        <test-method signature="ThirdtimeLoginUser3(java.lang.String,java.lang.String)[pri:37, instance:com.sgtesting.WebAssignments.ThirdUser1User2User3@791f145a]" started-at="2022-11-10T20:54:28 IST" name="ThirdtimeLoginUser3" data-provider="3rdModuser3" finished-at="2022-11-10T20:54:30 IST" duration-ms="1261" status="PASS">
          <params>
            <param index="0">
              <value>
                <![CDATA[Demouser3]]>
              </value>
            </param>
            <param index="1">
              <value>
                <![CDATA[nikki]]>
              </value>
            </param>
          </params>
          <reporter-output>
          </reporter-output>
        </test-method> <!-- ThirdtimeLoginUser3 -->
        <test-method signature="Thirdtimeuser3logout()[pri:38, instance:com.sgtesting.WebAssignments.ThirdUser1User2User3@791f145a]" started-at="2022-11-10T20:54:30 IST" name="Thirdtimeuser3logout" finished-at="2022-11-10T20:54:32 IST" duration-ms="2366" status="PASS">
          <reporter-output>
          </reporter-output>
        </test-method> <!-- Thirdtimeuser3logout -->
        <test-method signature="thirdtimeadminLogin(java.lang.String,java.lang.String)[pri:39, instance:com.sgtesting.WebAssignments.ThirdUser1User2User3@791f145a]" started-at="2022-11-10T20:54:32 IST" name="thirdtimeadminLogin" data-provider="login" finished-at="2022-11-10T20:54:33 IST" duration-ms="1280" status="PASS">
          <params>
            <param index="0">
              <value>
                <![CDATA[admin]]>
              </value>
            </param>
            <param index="1">
              <value>
                <![CDATA[manager]]>
              </value>
            </param>
          </params>
          <reporter-output>
          </reporter-output>
        </test-method> <!-- thirdtimeadminLogin -->
        <test-method signature="DeleteUesers()[pri:40, instance:com.sgtesting.WebAssignments.ThirdUser1User2User3@791f145a]" started-at="2022-11-10T20:54:33 IST" name="DeleteUesers" finished-at="2022-11-10T20:54:45 IST" duration-ms="11956" status="PASS">
          <reporter-output>
          </reporter-output>
        </test-method> <!-- DeleteUesers -->
        <test-method signature="ThirdtimeAdminlogout()[pri:41, instance:com.sgtesting.WebAssignments.ThirdUser1User2User3@791f145a]" started-at="2022-11-10T20:54:45 IST" name="ThirdtimeAdminlogout" finished-at="2022-11-10T20:54:48 IST" duration-ms="2772" status="PASS">
          <reporter-output>
          </reporter-output>
        </test-method> <!-- ThirdtimeAdminlogout -->
        <test-method signature="CloseBrowser()[pri:42, instance:com.sgtesting.WebAssignments.ThirdUser1User2User3@791f145a]" started-at="2022-11-10T20:54:48 IST" name="CloseBrowser" finished-at="2022-11-10T20:54:51 IST" duration-ms="3104" status="PASS">
          <reporter-output>
          </reporter-output>
        </test-method> <!-- CloseBrowser -->
      </class> <!-- com.sgtesting.WebAssignments.ThirdUser1User2User3 -->
    </test> <!-- Three User Creation and Modification -->
    <test started-at="2022-11-10T20:54:51 IST" name="Customer Creation" finished-at="2022-11-10T20:55:23 IST" duration-ms="31246">
      <class name="com.sgtesting.WebAssignments.FourthCustomerCreation">
        <test-method signature="launchBrowser()[pri:1, instance:com.sgtesting.WebAssignments.FourthCustomerCreation@1c7696c6]" started-at="2022-11-10T20:54:51 IST" name="launchBrowser" finished-at="2022-11-10T20:54:53 IST" duration-ms="1687" status="PASS">
          <reporter-output>
          </reporter-output>
        </test-method> <!-- launchBrowser -->
        <test-method signature="navigate()[pri:2, instance:com.sgtesting.WebAssignments.FourthCustomerCreation@1c7696c6]" started-at="2022-11-10T20:54:53 IST" name="navigate" finished-at="2022-11-10T20:54:59 IST" duration-ms="5990" status="PASS">
          <reporter-output>
          </reporter-output>
        </test-method> <!-- navigate -->
        <test-method signature="login(java.lang.String,java.lang.String)[pri:3, instance:com.sgtesting.WebAssignments.FourthCustomerCreation@1c7696c6]" started-at="2022-11-10T20:54:59 IST" name="login" data-provider="login" finished-at="2022-11-10T20:55:04 IST" duration-ms="5315" status="PASS">
          <params>
            <param index="0">
              <value>
                <![CDATA[admin]]>
              </value>
            </param>
            <param index="1">
              <value>
                <![CDATA[manager]]>
              </value>
            </param>
          </params>
          <reporter-output>
          </reporter-output>
        </test-method> <!-- login -->
        <test-method signature="minimizeFlyOutwindow()[pri:4, instance:com.sgtesting.WebAssignments.FourthCustomerCreation@1c7696c6]" started-at="2022-11-10T20:55:04 IST" name="minimizeFlyOutwindow" finished-at="2022-11-10T20:55:06 IST" duration-ms="2169" status="PASS">
          <reporter-output>
          </reporter-output>
        </test-method> <!-- minimizeFlyOutwindow -->
        <test-method signature="Createcustomer(java.lang.String)[pri:5, instance:com.sgtesting.WebAssignments.FourthCustomerCreation@1c7696c6]" started-at="2022-11-10T20:55:06 IST" name="Createcustomer" data-provider="Customer" finished-at="2022-11-10T20:55:13 IST" duration-ms="6047" status="PASS">
          <params>
            <param index="0">
              <value>
                <![CDATA[HP]]>
              </value>
            </param>
          </params>
          <reporter-output>
          </reporter-output>
        </test-method> <!-- Createcustomer -->
        <test-method signature="Deletecustomer()[pri:6, instance:com.sgtesting.WebAssignments.FourthCustomerCreation@1c7696c6]" started-at="2022-11-10T20:55:13 IST" name="Deletecustomer" finished-at="2022-11-10T20:55:17 IST" duration-ms="4423" status="PASS">
          <reporter-output>
          </reporter-output>
        </test-method> <!-- Deletecustomer -->
        <test-method signature="logout()[pri:7, instance:com.sgtesting.WebAssignments.FourthCustomerCreation@1c7696c6]" started-at="2022-11-10T20:55:17 IST" name="logout" finished-at="2022-11-10T20:55:19 IST" duration-ms="2441" status="PASS">
          <reporter-output>
          </reporter-output>
        </test-method> <!-- logout -->
        <test-method signature="CloseBrowser()[pri:8, instance:com.sgtesting.WebAssignments.FourthCustomerCreation@1c7696c6]" started-at="2022-11-10T20:55:19 IST" name="CloseBrowser" finished-at="2022-11-10T20:55:23 IST" duration-ms="3147" status="PASS">
          <reporter-output>
          </reporter-output>
        </test-method> <!-- CloseBrowser -->
      </class> <!-- com.sgtesting.WebAssignments.FourthCustomerCreation -->
    </test> <!-- Customer Creation -->
    <test started-at="2022-11-10T20:55:23 IST" name="Modify Customer" finished-at="2022-11-10T20:55:58 IST" duration-ms="35092">
      <class name="com.sgtesting.WebAssignments.FifthModifyCustomer">
        <test-method signature="launchBrowser()[pri:1, instance:com.sgtesting.WebAssignments.FifthModifyCustomer@55a147cc]" started-at="2022-11-10T20:55:23 IST" name="launchBrowser" finished-at="2022-11-10T20:55:24 IST" duration-ms="1114" status="PASS">
          <reporter-output>
          </reporter-output>
        </test-method> <!-- launchBrowser -->
        <test-method signature="navigate()[pri:2, instance:com.sgtesting.WebAssignments.FifthModifyCustomer@55a147cc]" started-at="2022-11-10T20:55:24 IST" name="navigate" finished-at="2022-11-10T20:55:30 IST" duration-ms="5930" status="PASS">
          <reporter-output>
          </reporter-output>
        </test-method> <!-- navigate -->
        <test-method signature="login(java.lang.String,java.lang.String)[pri:3, instance:com.sgtesting.WebAssignments.FifthModifyCustomer@55a147cc]" started-at="2022-11-10T20:55:30 IST" name="login" data-provider="login" finished-at="2022-11-10T20:55:35 IST" duration-ms="5302" status="PASS">
          <params>
            <param index="0">
              <value>
                <![CDATA[admin]]>
              </value>
            </param>
            <param index="1">
              <value>
                <![CDATA[manager]]>
              </value>
            </param>
          </params>
          <reporter-output>
          </reporter-output>
        </test-method> <!-- login -->
        <test-method signature="minimizeFlyOutwindow()[pri:4, instance:com.sgtesting.WebAssignments.FifthModifyCustomer@55a147cc]" started-at="2022-11-10T20:55:35 IST" name="minimizeFlyOutwindow" finished-at="2022-11-10T20:55:37 IST" duration-ms="2146" status="PASS">
          <reporter-output>
          </reporter-output>
        </test-method> <!-- minimizeFlyOutwindow -->
        <test-method signature="Createcustomer(java.lang.String)[pri:5, instance:com.sgtesting.WebAssignments.FifthModifyCustomer@55a147cc]" started-at="2022-11-10T20:55:37 IST" name="Createcustomer" data-provider="Customer" finished-at="2022-11-10T20:55:43 IST" duration-ms="6092" status="PASS">
          <params>
            <param index="0">
              <value>
                <![CDATA[HP]]>
              </value>
            </param>
          </params>
          <reporter-output>
          </reporter-output>
        </test-method> <!-- Createcustomer -->
        <test-method signature="Modifycustomer(java.lang.String)[pri:6, instance:com.sgtesting.WebAssignments.FifthModifyCustomer@55a147cc]" started-at="2022-11-10T20:55:43 IST" name="Modifycustomer" data-provider="Modify" finished-at="2022-11-10T20:55:49 IST" duration-ms="5662" status="PASS">
          <params>
            <param index="0">
              <value>
                <![CDATA[Acer]]>
              </value>
            </param>
          </params>
          <reporter-output>
          </reporter-output>
        </test-method> <!-- Modifycustomer -->
        <test-method signature="Deletecustomer()[pri:7, instance:com.sgtesting.WebAssignments.FifthModifyCustomer@55a147cc]" started-at="2022-11-10T20:55:49 IST" name="Deletecustomer" finished-at="2022-11-10T20:55:52 IST" duration-ms="3352" status="PASS">
          <reporter-output>
          </reporter-output>
        </test-method> <!-- Deletecustomer -->
        <test-method signature="logout()[pri:8, instance:com.sgtesting.WebAssignments.FifthModifyCustomer@55a147cc]" started-at="2022-11-10T20:55:52 IST" name="logout" finished-at="2022-11-10T20:55:54 IST" duration-ms="2353" status="PASS">
          <reporter-output>
          </reporter-output>
        </test-method> <!-- logout -->
        <test-method signature="CloseBrowser()[pri:9, instance:com.sgtesting.WebAssignments.FifthModifyCustomer@55a147cc]" started-at="2022-11-10T20:55:54 IST" name="CloseBrowser" finished-at="2022-11-10T20:55:58 IST" duration-ms="3127" status="PASS">
          <reporter-output>
          </reporter-output>
        </test-method> <!-- CloseBrowser -->
      </class> <!-- com.sgtesting.WebAssignments.FifthModifyCustomer -->
    </test> <!-- Modify Customer -->
    <test started-at="2022-11-10T20:55:58 IST" name="Create Project" finished-at="2022-11-10T20:56:40 IST" duration-ms="42316">
      <class name="com.sgtesting.WebAssignments.SixthCreateProject">
        <test-method signature="launchBrowser()[pri:1, instance:com.sgtesting.WebAssignments.SixthCreateProject@3646a422]" started-at="2022-11-10T20:55:58 IST" name="launchBrowser" finished-at="2022-11-10T20:55:59 IST" duration-ms="1116" status="PASS">
          <reporter-output>
          </reporter-output>
        </test-method> <!-- launchBrowser -->
        <test-method signature="navigate()[pri:2, instance:com.sgtesting.WebAssignments.SixthCreateProject@3646a422]" started-at="2022-11-10T20:55:59 IST" name="navigate" finished-at="2022-11-10T20:56:05 IST" duration-ms="5942" status="PASS">
          <reporter-output>
          </reporter-output>
        </test-method> <!-- navigate -->
        <test-method signature="login(java.lang.String,java.lang.String)[pri:3, instance:com.sgtesting.WebAssignments.SixthCreateProject@3646a422]" started-at="2022-11-10T20:56:05 IST" name="login" data-provider="login" finished-at="2022-11-10T20:56:10 IST" duration-ms="5365" status="PASS">
          <params>
            <param index="0">
              <value>
                <![CDATA[admin]]>
              </value>
            </param>
            <param index="1">
              <value>
                <![CDATA[manager]]>
              </value>
            </param>
          </params>
          <reporter-output>
          </reporter-output>
        </test-method> <!-- login -->
        <test-method signature="minimizeFlyOutwindow()[pri:4, instance:com.sgtesting.WebAssignments.SixthCreateProject@3646a422]" started-at="2022-11-10T20:56:10 IST" name="minimizeFlyOutwindow" finished-at="2022-11-10T20:56:12 IST" duration-ms="2107" status="PASS">
          <reporter-output>
          </reporter-output>
        </test-method> <!-- minimizeFlyOutwindow -->
        <test-method signature="Createcustomer(java.lang.String)[pri:5, instance:com.sgtesting.WebAssignments.SixthCreateProject@3646a422]" started-at="2022-11-10T20:56:12 IST" name="Createcustomer" data-provider="Customer" finished-at="2022-11-10T20:56:18 IST" duration-ms="5977" status="PASS">
          <params>
            <param index="0">
              <value>
                <![CDATA[DELL]]>
              </value>
            </param>
          </params>
          <reporter-output>
          </reporter-output>
        </test-method> <!-- Createcustomer -->
        <test-method signature="CreateProject(java.lang.String)[pri:6, instance:com.sgtesting.WebAssignments.SixthCreateProject@3646a422]" started-at="2022-11-10T20:56:18 IST" name="CreateProject" data-provider="CreateProject" finished-at="2022-11-10T20:56:24 IST" duration-ms="6352" status="PASS">
          <params>
            <param index="0">
              <value>
                <![CDATA[DELL Automation]]>
              </value>
            </param>
          </params>
          <reporter-output>
          </reporter-output>
        </test-method> <!-- CreateProject -->
        <test-method signature="DeleteProject()[pri:7, instance:com.sgtesting.WebAssignments.SixthCreateProject@3646a422]" started-at="2022-11-10T20:56:24 IST" name="DeleteProject" finished-at="2022-11-10T20:56:29 IST" duration-ms="4453" status="PASS">
          <reporter-output>
          </reporter-output>
        </test-method> <!-- DeleteProject -->
        <test-method signature="Deletecustomer()[pri:8, instance:com.sgtesting.WebAssignments.SixthCreateProject@3646a422]" started-at="2022-11-10T20:56:29 IST" name="Deletecustomer" finished-at="2022-11-10T20:56:34 IST" duration-ms="5472" status="PASS">
          <reporter-output>
          </reporter-output>
        </test-method> <!-- Deletecustomer -->
        <test-method signature="logout()[pri:9, instance:com.sgtesting.WebAssignments.SixthCreateProject@3646a422]" started-at="2022-11-10T20:56:34 IST" name="logout" finished-at="2022-11-10T20:56:37 IST" duration-ms="2352" status="PASS">
          <reporter-output>
          </reporter-output>
        </test-method> <!-- logout -->
        <test-method signature="CloseBrowser()[pri:10, instance:com.sgtesting.WebAssignments.SixthCreateProject@3646a422]" started-at="2022-11-10T20:56:37 IST" name="CloseBrowser" finished-at="2022-11-10T20:56:40 IST" duration-ms="3163" status="PASS">
          <reporter-output>
          </reporter-output>
        </test-method> <!-- CloseBrowser -->
      </class> <!-- com.sgtesting.WebAssignments.SixthCreateProject -->
    </test> <!-- Create Project -->
    <test started-at="2022-11-10T20:56:40 IST" name="Modify Project" finished-at="2022-11-10T20:57:30 IST" duration-ms="49882">
      <class name="com.sgtesting.WebAssignments.SeventhModifyProject">
        <test-method signature="launchBrowser()[pri:1, instance:com.sgtesting.WebAssignments.SeventhModifyProject@f0c8a99]" started-at="2022-11-10T20:56:40 IST" name="launchBrowser" finished-at="2022-11-10T20:56:41 IST" duration-ms="1064" status="PASS">
          <reporter-output>
          </reporter-output>
        </test-method> <!-- launchBrowser -->
        <test-method signature="navigate()[pri:2, instance:com.sgtesting.WebAssignments.SeventhModifyProject@f0c8a99]" started-at="2022-11-10T20:56:41 IST" name="navigate" finished-at="2022-11-10T20:56:47 IST" duration-ms="5973" status="PASS">
          <reporter-output>
          </reporter-output>
        </test-method> <!-- navigate -->
        <test-method signature="login(java.lang.String,java.lang.String)[pri:3, instance:com.sgtesting.WebAssignments.SeventhModifyProject@f0c8a99]" started-at="2022-11-10T20:56:47 IST" name="login" data-provider="login" finished-at="2022-11-10T20:56:52 IST" duration-ms="5312" status="PASS">
          <params>
            <param index="0">
              <value>
                <![CDATA[admin]]>
              </value>
            </param>
            <param index="1">
              <value>
                <![CDATA[manager]]>
              </value>
            </param>
          </params>
          <reporter-output>
          </reporter-output>
        </test-method> <!-- login -->
        <test-method signature="minimizeFlyOutwindow()[pri:4, instance:com.sgtesting.WebAssignments.SeventhModifyProject@f0c8a99]" started-at="2022-11-10T20:56:52 IST" name="minimizeFlyOutwindow" finished-at="2022-11-10T20:56:54 IST" duration-ms="2129" status="PASS">
          <reporter-output>
          </reporter-output>
        </test-method> <!-- minimizeFlyOutwindow -->
        <test-method signature="Createcustomer(java.lang.String)[pri:5, instance:com.sgtesting.WebAssignments.SeventhModifyProject@f0c8a99]" started-at="2022-11-10T20:56:54 IST" name="Createcustomer" data-provider="Customer" finished-at="2022-11-10T20:57:00 IST" duration-ms="5983" status="PASS">
          <params>
            <param index="0">
              <value>
                <![CDATA[DELL]]>
              </value>
            </param>
          </params>
          <reporter-output>
          </reporter-output>
        </test-method> <!-- Createcustomer -->
        <test-method signature="CreateProject(java.lang.String)[pri:6, instance:com.sgtesting.WebAssignments.SeventhModifyProject@f0c8a99]" started-at="2022-11-10T20:57:00 IST" name="CreateProject" data-provider="CreateProject" finished-at="2022-11-10T20:57:07 IST" duration-ms="6363" status="PASS">
          <params>
            <param index="0">
              <value>
                <![CDATA[DELL Automation]]>
              </value>
            </param>
          </params>
          <reporter-output>
          </reporter-output>
        </test-method> <!-- CreateProject -->
        <test-method signature="ModifyProject(java.lang.String)[pri:7, instance:com.sgtesting.WebAssignments.SeventhModifyProject@f0c8a99]" started-at="2022-11-10T20:57:07 IST" name="ModifyProject" data-provider="ModifyProject" finished-at="2022-11-10T20:57:14 IST" duration-ms="7675" status="PASS">
          <params>
            <param index="0">
              <value>
                <![CDATA[HP Automation]]>
              </value>
            </param>
          </params>
          <reporter-output>
          </reporter-output>
        </test-method> <!-- ModifyProject -->
        <test-method signature="DeleteProject()[pri:8, instance:com.sgtesting.WebAssignments.SeventhModifyProject@f0c8a99]" started-at="2022-11-10T20:57:14 IST" name="DeleteProject" finished-at="2022-11-10T20:57:19 IST" duration-ms="4416" status="PASS">
          <reporter-output>
          </reporter-output>
        </test-method> <!-- DeleteProject -->
        <test-method signature="Deletecustomer()[pri:9, instance:com.sgtesting.WebAssignments.SeventhModifyProject@f0c8a99]" started-at="2022-11-10T20:57:19 IST" name="Deletecustomer" finished-at="2022-11-10T20:57:24 IST" duration-ms="5439" status="PASS">
          <reporter-output>
          </reporter-output>
        </test-method> <!-- Deletecustomer -->
        <test-method signature="logout()[pri:10, instance:com.sgtesting.WebAssignments.SeventhModifyProject@f0c8a99]" started-at="2022-11-10T20:57:24 IST" name="logout" finished-at="2022-11-10T20:57:27 IST" duration-ms="2313" status="PASS">
          <reporter-output>
          </reporter-output>
        </test-method> <!-- logout -->
        <test-method signature="CloseBrowser()[pri:11, instance:com.sgtesting.WebAssignments.SeventhModifyProject@f0c8a99]" started-at="2022-11-10T20:57:27 IST" name="CloseBrowser" finished-at="2022-11-10T20:57:30 IST" duration-ms="3197" status="PASS">
          <reporter-output>
          </reporter-output>
        </test-method> <!-- CloseBrowser -->
      </class> <!-- com.sgtesting.WebAssignments.SeventhModifyProject -->
    </test> <!-- Modify Project -->
    <test started-at="2022-11-10T20:57:30 IST" name="Create Task" finished-at="2022-11-10T20:58:30 IST" duration-ms="59893">
      <class name="com.sgtesting.WebAssignments.EighthCreateTask">
        <test-method signature="launchBrowser()[pri:1, instance:com.sgtesting.WebAssignments.EighthCreateTask@2a265ea9]" started-at="2022-11-10T20:57:30 IST" name="launchBrowser" finished-at="2022-11-10T20:57:31 IST" duration-ms="1107" status="PASS">
          <reporter-output>
          </reporter-output>
        </test-method> <!-- launchBrowser -->
        <test-method signature="navigate()[pri:2, instance:com.sgtesting.WebAssignments.EighthCreateTask@2a265ea9]" started-at="2022-11-10T20:57:31 IST" name="navigate" finished-at="2022-11-10T20:57:37 IST" duration-ms="6058" status="PASS">
          <reporter-output>
          </reporter-output>
        </test-method> <!-- navigate -->
        <test-method signature="login(java.lang.String,java.lang.String)[pri:3, instance:com.sgtesting.WebAssignments.EighthCreateTask@2a265ea9]" started-at="2022-11-10T20:57:37 IST" name="login" data-provider="login" finished-at="2022-11-10T20:57:40 IST" duration-ms="3301" status="PASS">
          <params>
            <param index="0">
              <value>
                <![CDATA[admin]]>
              </value>
            </param>
            <param index="1">
              <value>
                <![CDATA[manager]]>
              </value>
            </param>
          </params>
          <reporter-output>
          </reporter-output>
        </test-method> <!-- login -->
        <test-method signature="minimizeFlyOutwindow()[pri:4, instance:com.sgtesting.WebAssignments.EighthCreateTask@2a265ea9]" started-at="2022-11-10T20:57:40 IST" name="minimizeFlyOutwindow" finished-at="2022-11-10T20:57:42 IST" duration-ms="2108" status="PASS">
          <reporter-output>
          </reporter-output>
        </test-method> <!-- minimizeFlyOutwindow -->
        <test-method signature="Createcustomer(java.lang.String)[pri:5, instance:com.sgtesting.WebAssignments.EighthCreateTask@2a265ea9]" started-at="2022-11-10T20:57:42 IST" name="Createcustomer" data-provider="Customer" finished-at="2022-11-10T20:57:48 IST" duration-ms="6067" status="PASS">
          <params>
            <param index="0">
              <value>
                <![CDATA[DELL]]>
              </value>
            </param>
          </params>
          <reporter-output>
          </reporter-output>
        </test-method> <!-- Createcustomer -->
        <test-method signature="CreateProject(java.lang.String)[pri:6, instance:com.sgtesting.WebAssignments.EighthCreateTask@2a265ea9]" started-at="2022-11-10T20:57:48 IST" name="CreateProject" data-provider="CreateProject" finished-at="2022-11-10T20:57:55 IST" duration-ms="6401" status="PASS">
          <params>
            <param index="0">
              <value>
                <![CDATA[DELL Automation]]>
              </value>
            </param>
          </params>
          <reporter-output>
          </reporter-output>
        </test-method> <!-- CreateProject -->
        <test-method signature="CreateTask(java.lang.String)[pri:7, instance:com.sgtesting.WebAssignments.EighthCreateTask@2a265ea9]" started-at="2022-11-10T20:57:55 IST" name="CreateTask" data-provider="CreateTask" finished-at="2022-11-10T20:58:03 IST" duration-ms="8518" status="PASS">
          <params>
            <param index="0">
              <value>
                <![CDATA[NewTask]]>
              </value>
            </param>
          </params>
          <reporter-output>
          </reporter-output>
        </test-method> <!-- CreateTask -->
        <test-method signature="DeleteTask()[pri:8, instance:com.sgtesting.WebAssignments.EighthCreateTask@2a265ea9]" started-at="2022-11-10T20:58:03 IST" name="DeleteTask" finished-at="2022-11-10T20:58:13 IST" duration-ms="9376" status="PASS">
          <reporter-output>
          </reporter-output>
        </test-method> <!-- DeleteTask -->
        <test-method signature="DeleteProject()[pri:9, instance:com.sgtesting.WebAssignments.EighthCreateTask@2a265ea9]" started-at="2022-11-10T20:58:13 IST" name="DeleteProject" finished-at="2022-11-10T20:58:18 IST" duration-ms="5484" status="PASS">
          <reporter-output>
          </reporter-output>
        </test-method> <!-- DeleteProject -->
        <test-method signature="Deletecustomer()[pri:10, instance:com.sgtesting.WebAssignments.EighthCreateTask@2a265ea9]" started-at="2022-11-10T20:58:18 IST" name="Deletecustomer" finished-at="2022-11-10T20:58:24 IST" duration-ms="5425" status="PASS">
          <reporter-output>
          </reporter-output>
        </test-method> <!-- Deletecustomer -->
        <test-method signature="logout()[pri:11, instance:com.sgtesting.WebAssignments.EighthCreateTask@2a265ea9]" started-at="2022-11-10T20:58:24 IST" name="logout" finished-at="2022-11-10T20:58:26 IST" duration-ms="2336" status="PASS">
          <reporter-output>
          </reporter-output>
        </test-method> <!-- logout -->
        <test-method signature="CloseBrowser()[pri:12, instance:com.sgtesting.WebAssignments.EighthCreateTask@2a265ea9]" started-at="2022-11-10T20:58:26 IST" name="CloseBrowser" finished-at="2022-11-10T20:58:30 IST" duration-ms="3697" status="PASS">
          <reporter-output>
          </reporter-output>
        </test-method> <!-- CloseBrowser -->
      </class> <!-- com.sgtesting.WebAssignments.EighthCreateTask -->
    </test> <!-- Create Task -->
  </suite> <!-- TestCases -->
</testng-results>
