<?xml version="1.0" encoding="UTF-8"?>
<!-- Generated by org.testng.reporters.JUnitXMLReporter -->
<testsuite ignored="0" hostname="DESKTOP-62AN9KN" failures="0" tests="6" name="Test cases" time="0.099" errors="0" timestamp="2022-11-08T20:00:17 IST">
  <testcase classname="com.sgtesting.Users.Users" name="createUser" time="0.008"/>
  <testcase classname="com.sgtesting.Users.Users" name="deleteUser" time="0.003"/>
  <testcase classname="com.sgtesting.Users.Users" name="modifyUser" time="0.002"/>
  <testcase classname="com.sgtesting.product.Product" name="createProduct" time="0.002"/>
  <testcase classname="com.sgtesting.product.Product" name="deleteProduct" time="0.005"/>
  <testcase classname="com.sgtesting.product.Product" name="modifyproduct" time="0.001"/>
</testsuite> <!-- Test cases -->
