<?xml version="1.0" encoding="UTF-8"?>
<!-- Generated by org.testng.reporters.JUnitXMLReporter -->
<testsuite ignored="0" hostname="DESKTOP-62AN9KN" failures="0" tests="3" name="User1" time="0.07" errors="0" timestamp="2022-11-09T12:56:49 IST">
  <testcase classname="com.sgtesting.ParameteredUser.Userdemo" name="createUser" time="0.005"/>
  <testcase classname="com.sgtesting.ParameteredUser.Userdemo" name="deleteUser" time="0.001"/>
  <testcase classname="com.sgtesting.ParameteredUser.Userdemo" name="modifyUser" time="0.002"/>
</testsuite> <!-- User1 -->
