<?xml version="1.0" encoding="UTF-8"?>
<!-- Generated by org.testng.reporters.JUnitXMLReporter -->
<testsuite ignored="0" hostname="DESKTOP-62AN9KN" failures="0" tests="9" name="Default test" time="36.844" errors="0" timestamp="2022-11-10T20:50:09 IST">
  <testcase classname="com.sgtesting.WebAssignments.FifthModifyCustomer" name="launchBrowser" time="2.669"/>
  <testcase classname="com.sgtesting.WebAssignments.FifthModifyCustomer" name="navigate" time="5.951"/>
  <testcase classname="com.sgtesting.WebAssignments.FifthModifyCustomer" name="login" time="5.334"/>
  <testcase classname="com.sgtesting.WebAssignments.FifthModifyCustomer" name="minimizeFlyOutwindow" time="2.12"/>
  <testcase classname="com.sgtesting.WebAssignments.FifthModifyCustomer" name="Createcustomer" time="6.054"/>
  <testcase classname="com.sgtesting.WebAssignments.FifthModifyCustomer" name="Modifycustomer" time="5.654"/>
  <testcase classname="com.sgtesting.WebAssignments.FifthModifyCustomer" name="Deletecustomer" time="3.373"/>
  <testcase classname="com.sgtesting.WebAssignments.FifthModifyCustomer" name="logout" time="2.338"/>
  <testcase classname="com.sgtesting.WebAssignments.FifthModifyCustomer" name="CloseBrowser" time="3.263"/>
</testsuite> <!-- Default test -->
