<?xml version="1.0" encoding="UTF-8"?>
<!-- Generated by org.testng.reporters.JUnitXMLReporter -->
<testsuite ignored="0" hostname="DESKTOP-62AN9KN" failures="0" tests="3" name="check condition" time="0.078" errors="0" timestamp="2022-11-09T14:46:10 IST">
  <testcase classname="com.sgtesting.Condition.DependsOnMethodCondition" name="CreateUser" time="0.009"/>
  <testcase classname="com.sgtesting.Condition.DependsOnMethodCondition" name="modifyuser" time="0.005"/>
  <testcase classname="com.sgtesting.Condition.DependsOnMethodCondition" name="deleteUser" time="0.002"/>
</testsuite> <!-- check condition -->
