<?xml version="1.0" encoding="UTF-8"?>
<!-- Generated by org.testng.reporters.JUnitXMLReporter -->
<testsuite ignored="1" hostname="DESKTOP-62AN9KN" failures="0" tests="2" name="Enable Condition" time="0.024" errors="0" timestamp="2022-11-09T14:46:10 IST">
  <testcase classname="com.sgtesting.Condition.UserEnable" name="createUser" time="0.003"/>
  <testcase classname="com.sgtesting.Condition.UserEnable" name="deleteUser" time="0.005"/>
  <testcase classname="com.sgtesting.Condition.UserEnable" name="modifyUser" time="0.0">
    <ignored/>
  </testcase> <!-- modifyUser -->
</testsuite> <!-- Enable Condition -->
