<?xml version="1.0" encoding="UTF-8"?>
<!-- Generated by org.testng.reporters.JUnitXMLReporter -->
<testsuite ignored="0" hostname="DESKTOP-62AN9KN" failures="0" tests="3" name="priority" time="0.023" errors="0" timestamp="2022-11-09T14:46:10 IST">
  <testcase classname="com.sgtesting.Condition.PriorityConditiondemo" name="createUser" time="0.003"/>
  <testcase classname="com.sgtesting.Condition.PriorityConditiondemo" name="modifyUser" time="0.001"/>
  <testcase classname="com.sgtesting.Condition.PriorityConditiondemo" name="deleteUser" time="0.002"/>
</testsuite> <!-- priority -->
