<?xml version="1.0" encoding="UTF-8"?>
<!-- Generated by org.testng.reporters.JUnitXMLReporter -->
<testsuite ignored="0" hostname="DESKTOP-62AN9KN" failures="0" tests="10" name="Create Project" time="42.316" errors="0" timestamp="2022-11-10T20:56:40 IST">
  <testcase classname="com.sgtesting.WebAssignments.SixthCreateProject" name="launchBrowser" time="1.116"/>
  <testcase classname="com.sgtesting.WebAssignments.SixthCreateProject" name="navigate" time="5.942"/>
  <testcase classname="com.sgtesting.WebAssignments.SixthCreateProject" name="login" time="5.365"/>
  <testcase classname="com.sgtesting.WebAssignments.SixthCreateProject" name="minimizeFlyOutwindow" time="2.107"/>
  <testcase classname="com.sgtesting.WebAssignments.SixthCreateProject" name="Createcustomer" time="5.977"/>
  <testcase classname="com.sgtesting.WebAssignments.SixthCreateProject" name="CreateProject" time="6.352"/>
  <testcase classname="com.sgtesting.WebAssignments.SixthCreateProject" name="DeleteProject" time="4.453"/>
  <testcase classname="com.sgtesting.WebAssignments.SixthCreateProject" name="Deletecustomer" time="5.472"/>
  <testcase classname="com.sgtesting.WebAssignments.SixthCreateProject" name="logout" time="2.352"/>
  <testcase classname="com.sgtesting.WebAssignments.SixthCreateProject" name="CloseBrowser" time="3.163"/>
</testsuite> <!-- Create Project -->
