<?xml version="1.0" encoding="UTF-8"?>
<!-- Generated by org.testng.reporters.JUnitXMLReporter -->
<testsuite ignored="0" hostname="DESKTOP-62AN9KN" failures="0" tests="8" name="Createuser" time="39.59" errors="0" timestamp="2022-11-10T20:51:38 IST">
  <testcase classname="com.sgtesting.WebAssignments.FirstCreateuser" name="launchBrowser" time="3.928"/>
  <testcase classname="com.sgtesting.WebAssignments.FirstCreateuser" name="navigate" time="6.139"/>
  <testcase classname="com.sgtesting.WebAssignments.FirstCreateuser" name="login" time="5.347"/>
  <testcase classname="com.sgtesting.WebAssignments.FirstCreateuser" name="minimizeFlyOutwindow" time="2.137"/>
  <testcase classname="com.sgtesting.WebAssignments.FirstCreateuser" name="User" time="13.097"/>
  <testcase classname="com.sgtesting.WebAssignments.FirstCreateuser" name="Deleteuser" time="8.29"/>
  <testcase classname="com.sgtesting.WebAssignments.FirstCreateuser" name="closeApp" time="0.522"/>
  <testcase classname="com.sgtesting.WebAssignments.FirstCreateuser" name="logout" time="0.029"/>
</testsuite> <!-- Createuser -->
