<?xml version="1.0" encoding="UTF-8"?>
<!-- Generated by org.testng.reporters.JUnitXMLReporter -->
<testsuite ignored="0" hostname="DESKTOP-62AN9KN" failures="0" tests="12" name="Create Task" time="59.893" errors="0" timestamp="2022-11-10T20:58:30 IST">
  <testcase classname="com.sgtesting.WebAssignments.EighthCreateTask" name="launchBrowser" time="1.107"/>
  <testcase classname="com.sgtesting.WebAssignments.EighthCreateTask" name="navigate" time="6.058"/>
  <testcase classname="com.sgtesting.WebAssignments.EighthCreateTask" name="login" time="3.301"/>
  <testcase classname="com.sgtesting.WebAssignments.EighthCreateTask" name="minimizeFlyOutwindow" time="2.108"/>
  <testcase classname="com.sgtesting.WebAssignments.EighthCreateTask" name="Createcustomer" time="6.067"/>
  <testcase classname="com.sgtesting.WebAssignments.EighthCreateTask" name="CreateProject" time="6.401"/>
  <testcase classname="com.sgtesting.WebAssignments.EighthCreateTask" name="CreateTask" time="8.518"/>
  <testcase classname="com.sgtesting.WebAssignments.EighthCreateTask" name="DeleteTask" time="9.376"/>
  <testcase classname="com.sgtesting.WebAssignments.EighthCreateTask" name="DeleteProject" time="5.484"/>
  <testcase classname="com.sgtesting.WebAssignments.EighthCreateTask" name="Deletecustomer" time="5.425"/>
  <testcase classname="com.sgtesting.WebAssignments.EighthCreateTask" name="logout" time="2.336"/>
  <testcase classname="com.sgtesting.WebAssignments.EighthCreateTask" name="CloseBrowser" time="3.697"/>
</testsuite> <!-- Create Task -->
