<?xml version="1.0" encoding="UTF-8"?>
<!-- Generated by org.testng.reporters.JUnitXMLReporter -->
<testsuite ignored="0" hostname="DESKTOP-62AN9KN" failures="0" tests="8" name="Customer Creation" time="31.246" errors="0" timestamp="2022-11-10T20:55:23 IST">
  <testcase classname="com.sgtesting.WebAssignments.FourthCustomerCreation" name="launchBrowser" time="1.687"/>
  <testcase classname="com.sgtesting.WebAssignments.FourthCustomerCreation" name="navigate" time="5.99"/>
  <testcase classname="com.sgtesting.WebAssignments.FourthCustomerCreation" name="login" time="5.315"/>
  <testcase classname="com.sgtesting.WebAssignments.FourthCustomerCreation" name="minimizeFlyOutwindow" time="2.169"/>
  <testcase classname="com.sgtesting.WebAssignments.FourthCustomerCreation" name="Createcustomer" time="6.047"/>
  <testcase classname="com.sgtesting.WebAssignments.FourthCustomerCreation" name="Deletecustomer" time="4.423"/>
  <testcase classname="com.sgtesting.WebAssignments.FourthCustomerCreation" name="logout" time="2.441"/>
  <testcase classname="com.sgtesting.WebAssignments.FourthCustomerCreation" name="CloseBrowser" time="3.147"/>
</testsuite> <!-- Customer Creation -->
