<?xml version="1.0" encoding="UTF-8"?>
<!-- Generated by org.testng.reporters.JUnitXMLReporter -->
<testsuite ignored="0" hostname="DESKTOP-62AN9KN" failures="0" tests="9" name="Modify Customer" time="35.092" errors="0" timestamp="2022-11-10T20:55:58 IST">
  <testcase classname="com.sgtesting.WebAssignments.FifthModifyCustomer" name="launchBrowser" time="1.114"/>
  <testcase classname="com.sgtesting.WebAssignments.FifthModifyCustomer" name="navigate" time="5.93"/>
  <testcase classname="com.sgtesting.WebAssignments.FifthModifyCustomer" name="login" time="5.302"/>
  <testcase classname="com.sgtesting.WebAssignments.FifthModifyCustomer" name="minimizeFlyOutwindow" time="2.146"/>
  <testcase classname="com.sgtesting.WebAssignments.FifthModifyCustomer" name="Createcustomer" time="6.092"/>
  <testcase classname="com.sgtesting.WebAssignments.FifthModifyCustomer" name="Modifycustomer" time="5.662"/>
  <testcase classname="com.sgtesting.WebAssignments.FifthModifyCustomer" name="Deletecustomer" time="3.352"/>
  <testcase classname="com.sgtesting.WebAssignments.FifthModifyCustomer" name="logout" time="2.353"/>
  <testcase classname="com.sgtesting.WebAssignments.FifthModifyCustomer" name="CloseBrowser" time="3.127"/>
</testsuite> <!-- Modify Customer -->
