<?xml version="1.0" encoding="UTF-8"?>
<!-- Generated by org.testng.reporters.JUnitXMLReporter -->
<testsuite ignored="0" hostname="DESKTOP-62AN9KN" failures="0" tests="11" name="Modify Project" time="49.882" errors="0" timestamp="2022-11-10T20:57:30 IST">
  <testcase classname="com.sgtesting.WebAssignments.SeventhModifyProject" name="launchBrowser" time="1.064"/>
  <testcase classname="com.sgtesting.WebAssignments.SeventhModifyProject" name="navigate" time="5.973"/>
  <testcase classname="com.sgtesting.WebAssignments.SeventhModifyProject" name="login" time="5.312"/>
  <testcase classname="com.sgtesting.WebAssignments.SeventhModifyProject" name="minimizeFlyOutwindow" time="2.129"/>
  <testcase classname="com.sgtesting.WebAssignments.SeventhModifyProject" name="Createcustomer" time="5.983"/>
  <testcase classname="com.sgtesting.WebAssignments.SeventhModifyProject" name="CreateProject" time="6.363"/>
  <testcase classname="com.sgtesting.WebAssignments.SeventhModifyProject" name="ModifyProject" time="7.675"/>
  <testcase classname="com.sgtesting.WebAssignments.SeventhModifyProject" name="DeleteProject" time="4.416"/>
  <testcase classname="com.sgtesting.WebAssignments.SeventhModifyProject" name="Deletecustomer" time="5.439"/>
  <testcase classname="com.sgtesting.WebAssignments.SeventhModifyProject" name="logout" time="2.313"/>
  <testcase classname="com.sgtesting.WebAssignments.SeventhModifyProject" name="CloseBrowser" time="3.197"/>
</testsuite> <!-- Modify Project -->
