<?xml version="1.0" encoding="UTF-8"?>
<!-- Generated by org.testng.reporters.JUnitXMLReporter -->
<testsuite ignored="0" hostname="DESKTOP-62AN9KN" failures="0" tests="42" name="Three User Creation and Modification" time="141.996" errors="0" timestamp="2022-11-10T20:54:51 IST">
  <testcase classname="com.sgtesting.WebAssignments.ThirdUser1User2User3" name="LaunchBrowser" time="1.356"/>
  <testcase classname="com.sgtesting.WebAssignments.ThirdUser1User2User3" name="Navigate" time="2.19"/>
  <testcase classname="com.sgtesting.WebAssignments.ThirdUser1User2User3" name="Login" time="2.329"/>
  <testcase classname="com.sgtesting.WebAssignments.ThirdUser1User2User3" name="minimizeFlyOutwindow" time="2.116"/>
  <testcase classname="com.sgtesting.WebAssignments.ThirdUser1User2User3" name="User1" time="10.019"/>
  <testcase classname="com.sgtesting.WebAssignments.ThirdUser1User2User3" name="User2" time="6.094"/>
  <testcase classname="com.sgtesting.WebAssignments.ThirdUser1User2User3" name="User3" time="6.098"/>
  <testcase classname="com.sgtesting.WebAssignments.ThirdUser1User2User3" name="Logout" time="2.361"/>
  <testcase classname="com.sgtesting.WebAssignments.ThirdUser1User2User3" name="LoginUser1" time="4.385"/>
  <testcase classname="com.sgtesting.WebAssignments.ThirdUser1User2User3" name="Logoutuser1" time="2.228"/>
  <testcase classname="com.sgtesting.WebAssignments.ThirdUser1User2User3" name="LoginUser2" time="2.22"/>
  <testcase classname="com.sgtesting.WebAssignments.ThirdUser1User2User3" name="Logoutuser2" time="2.237"/>
  <testcase classname="com.sgtesting.WebAssignments.ThirdUser1User2User3" name="LoginUser3" time="2.183"/>
  <testcase classname="com.sgtesting.WebAssignments.ThirdUser1User2User3" name="Logoutuser3" time="2.198"/>
  <testcase classname="com.sgtesting.WebAssignments.ThirdUser1User2User3" name="SecontimeLoginUser1" time="1.303"/>
  <testcase classname="com.sgtesting.WebAssignments.ThirdUser1User2User3" name="Modifyuser1" time="7.129"/>
  <testcase classname="com.sgtesting.WebAssignments.ThirdUser1User2User3" name="SecondtimeLogoutuser1" time="1.702"/>
  <testcase classname="com.sgtesting.WebAssignments.ThirdUser1User2User3" name="SecondtimeLoginUser2" time="1.307"/>
  <testcase classname="com.sgtesting.WebAssignments.ThirdUser1User2User3" name="Modifyuser2" time="7.05"/>
  <testcase classname="com.sgtesting.WebAssignments.ThirdUser1User2User3" name="SecondtimeLogoutuser2" time="2.624"/>
  <testcase classname="com.sgtesting.WebAssignments.ThirdUser1User2User3" name="SecondtimeLoginUser3" time="1.308"/>
  <testcase classname="com.sgtesting.WebAssignments.ThirdUser1User2User3" name="Modifyuser3" time="7.0"/>
  <testcase classname="com.sgtesting.WebAssignments.ThirdUser1User2User3" name="SecondtimeLogoutuser3" time="2.597"/>
  <testcase classname="com.sgtesting.WebAssignments.ThirdUser1User2User3" name="ModifiedLoginUser1" time="1.251"/>
  <testcase classname="com.sgtesting.WebAssignments.ThirdUser1User2User3" name="LogoutModifieduser1" time="1.289"/>
  <testcase classname="com.sgtesting.WebAssignments.ThirdUser1User2User3" name="ModifiedLoginUser2" time="1.315"/>
  <testcase classname="com.sgtesting.WebAssignments.ThirdUser1User2User3" name="LogoutModifieduser2" time="1.298"/>
  <testcase classname="com.sgtesting.WebAssignments.ThirdUser1User2User3" name="ModifiedLoginUser3" time="1.273"/>
  <testcase classname="com.sgtesting.WebAssignments.ThirdUser1User2User3" name="LogoutModifieduser3" time="1.302"/>
  <testcase classname="com.sgtesting.WebAssignments.ThirdUser1User2User3" name="SecondtimeadminLogin" time="1.289"/>
  <testcase classname="com.sgtesting.WebAssignments.ThirdUser1User2User3" name="AdminModifyuser1" time="20.09"/>
  <testcase classname="com.sgtesting.WebAssignments.ThirdUser1User2User3" name="SecondtimeAdminlogout" time="2.343"/>
  <testcase classname="com.sgtesting.WebAssignments.ThirdUser1User2User3" name="ThirdtimeLoginUser1" time="1.289"/>
  <testcase classname="com.sgtesting.WebAssignments.ThirdUser1User2User3" name="Thirdtimeuser1logout" time="2.361"/>
  <testcase classname="com.sgtesting.WebAssignments.ThirdUser1User2User3" name="ThirdtimeLoginUser2" time="1.295"/>
  <testcase classname="com.sgtesting.WebAssignments.ThirdUser1User2User3" name="Thirdtimeuser2logout" time="2.68"/>
  <testcase classname="com.sgtesting.WebAssignments.ThirdUser1User2User3" name="ThirdtimeLoginUser3" time="1.261"/>
  <testcase classname="com.sgtesting.WebAssignments.ThirdUser1User2User3" name="Thirdtimeuser3logout" time="2.366"/>
  <testcase classname="com.sgtesting.WebAssignments.ThirdUser1User2User3" name="thirdtimeadminLogin" time="1.28"/>
  <testcase classname="com.sgtesting.WebAssignments.ThirdUser1User2User3" name="DeleteUesers" time="11.956"/>
  <testcase classname="com.sgtesting.WebAssignments.ThirdUser1User2User3" name="ThirdtimeAdminlogout" time="2.772"/>
  <testcase classname="com.sgtesting.WebAssignments.ThirdUser1User2User3" name="CloseBrowser" time="3.104"/>
</testsuite> <!-- Three User Creation and Modification -->
