<?xml version="1.0" encoding="UTF-8"?>
<!-- Generated by org.testng.reporters.JUnitXMLReporter -->
<testsuite ignored="0" hostname="DESKTOP-62AN9KN" failures="0" tests="9" name="User Modification" time="50.856" errors="0" timestamp="2022-11-10T20:52:29 IST">
  <testcase classname="com.sgtesting.WebAssignments.SecondUserCreation" name="LaunchBrowser" time="1.248"/>
  <testcase classname="com.sgtesting.WebAssignments.SecondUserCreation" name="Navigate" time="2.123"/>
  <testcase classname="com.sgtesting.WebAssignments.SecondUserCreation" name="Login" time="2.322"/>
  <testcase classname="com.sgtesting.WebAssignments.SecondUserCreation" name="minimizeFlyOutwindow" time="2.113"/>
  <testcase classname="com.sgtesting.WebAssignments.SecondUserCreation" name="User" time="10.114"/>
  <testcase classname="com.sgtesting.WebAssignments.SecondUserCreation" name="Modify" time="19.003"/>
  <testcase classname="com.sgtesting.WebAssignments.SecondUserCreation" name="Deleteuser" time="8.3"/>
  <testcase classname="com.sgtesting.WebAssignments.SecondUserCreation" name="Logout" time="2.358"/>
  <testcase classname="com.sgtesting.WebAssignments.SecondUserCreation" name="CloseBrowser" time="3.246"/>
</testsuite> <!-- User Modification -->
