<?xml version="1.0" encoding="UTF-8"?>
<!-- Generated by org.testng.reporters.JUnitXMLReporter -->
<testsuite ignored="0" hostname="DESKTOP-62AN9KN" failures="0" tests="6" name="User and Products" time="0.097" errors="0" timestamp="2022-11-08T20:09:48 IST">
  <testcase classname="com.sgtesting.Users.Users" name="createUser" time="0.009"/>
  <testcase classname="com.sgtesting.Users.Users" name="deleteUser" time="0.004"/>
  <testcase classname="com.sgtesting.Users.Users" name="modifyUser" time="0.001"/>
  <testcase classname="com.sgtesting.product.Product" name="createProduct" time="0.0"/>
  <testcase classname="com.sgtesting.product.Product" name="deleteProduct" time="0.003"/>
  <testcase classname="com.sgtesting.product.Product" name="modifyproduct" time="0.004"/>
</testsuite> <!-- User and Products -->
